<?xml version="1.0" encoding="UTF-8"?>
<testsuite xmlns:xsi="http://www.w3.org/2001/XMLSchema-instance" xsi:noNamespaceSchemaLocation="https://maven.apache.org/surefire/maven-surefire-plugin/xsd/surefire-test-report-3.0.xsd" version="3.0" name="DemoTest" time="1.006" tests="5" errors="0" skipped="0" failures="0">
  <properties>
[...]
</properties>
  <testcase name="testSelectAll" classname="DemoTest" time="0.257">
    <system-out><![CDATA[[Course{id = 1, name = C语⾔程序设计, hours = 70, schools = 1}, Course{id = 2, name = Python程序设计, hours = 70, schools = 1}, Course{id = 3, name = ⼤学英语, hours = 96, schools = 2}, Course{id = 4, name = ⾼级Web技术, hours = 32, schools = 1}, Course{id = 5, name = 大数据存储, hours = 32, schools = 1}, Course{id = 6, name = 大数据存储, hours = 32, schools = 1}, Course{id = 7, name = 大数据存储, hours = 32, schools = 1}]
]]></system-out>
    <system-err><![CDATA[三月 23, 2023 8:17:23 上午 org.springframework.test.context.support.AbstractTestContextBootstrapper getDefaultTestExecutionListenerClassNames
信息: Loaded default TestExecutionListener class names from location [META-INF/spring.factories]: [org.springframework.test.context.web.ServletTestExecutionListener, org.springframework.test.context.support.DirtiesContextBeforeModesTestExecutionListener, org.springframework.test.context.support.DependencyInjectionTestExecutionListener, org.springframework.test.context.support.DirtiesContextTestExecutionListener, org.springframework.test.context.transaction.TransactionalTestExecutionListener, org.springframework.test.context.jdbc.SqlScriptsTestExecutionListener, org.springframework.test.context.event.EventPublishingTestExecutionListener]
三月 23, 2023 8:17:23 上午 org.springframework.test.context.support.AbstractTestContextBootstrapper getTestExecutionListeners
信息: Using TestExecutionListeners: [org.springframework.test.context.web.ServletTestExecutionListener@587d1d39, org.springframework.test.context.support.DirtiesContextBeforeModesTestExecutionListener@58c1670b, org.springframework.test.context.support.DependencyInjectionTestExecutionListener@6b57696f, org.springframework.test.context.support.DirtiesContextTestExecutionListener@5bb21b69, org.springframework.test.context.transaction.TransactionalTestExecutionListener@6b9651f3, org.springframework.test.context.jdbc.SqlScriptsTestExecutionListener@38bc8ab5, org.springframework.test.context.event.EventPublishingTestExecutionListener@687080dc]
Loading class `com.mysql.jdbc.Driver'. This is deprecated. The new driver class is `com.mysql.cj.jdbc.Driver'. The driver is automatically registered via the SPI and manual loading of the driver class is generally unnecessary.
三月 23, 2023 8:17:24 上午 com.alibaba.druid.support.logging.JakartaCommonsLoggingImpl info
信息: {dataSource-1} inited
]]></system-err>
  </testcase>
  <testcase name="testInsert" classname="DemoTest" time="0.006">
    <system-out><![CDATA[添加成功
]]></system-out>
  </testcase>
  <testcase name="testUpdate" classname="DemoTest" time="0.016">
    <system-out><![CDATA[修改成功
]]></system-out>
  </testcase>
  <testcase name="testSelectById" classname="DemoTest" time="0.002">
    <system-out><![CDATA[Course{id = 2, name = Python程序设计, hours = 70, schools = 1}
]]></system-out>
  </testcase>
  <testcase name="testSelectByscName" classname="DemoTest" time="0.004">
    <system-out><![CDATA[[Course{id = 1, name = C语⾔程序设计, hours = 70, schools = 1}, Course{id = 2, name = Python程序设计, hours = 70, schools = 1}, Course{id = 4, name = ⾼级Web技术, hours = 32, schools = 1}, Course{id = 5, name = 大数据存储, hours = 32, schools = 1}, Course{id = 6, name = 大数据存储, hours = 32, schools = 1}, Course{id = 7, name = 大数据存储, hours = 32, schools = 1}, Course{id = 8, name = 大数据存储, hours = 32, schools = 1}]
]]></system-out>
  </testcase>
</testsuite>